Traceback (most recent call last):
  File "/home/gslee/anaconda3/lib/python3.10/site-packages/jupyter_cache/executors/utils.py", line 58, in single_nb_execution
    executenb(
  File "/home/gslee/anaconda3/lib/python3.10/site-packages/nbclient/client.py", line 1204, in execute
    return NotebookClient(nb=nb, resources=resources, km=km, **kwargs).execute()
  File "/home/gslee/anaconda3/lib/python3.10/site-packages/nbclient/util.py", line 84, in wrapped
    return just_run(coro(*args, **kwargs))
  File "/home/gslee/anaconda3/lib/python3.10/site-packages/nbclient/util.py", line 62, in just_run
    return loop.run_until_complete(coro)
  File "/home/gslee/anaconda3/lib/python3.10/asyncio/base_events.py", line 649, in run_until_complete
    return future.result()
  File "/home/gslee/anaconda3/lib/python3.10/site-packages/nbclient/client.py", line 663, in async_execute
    await self.async_execute_cell(
  File "/home/gslee/anaconda3/lib/python3.10/site-packages/nbclient/client.py", line 965, in async_execute_cell
    await self._check_raise_for_error(cell, cell_index, exec_reply)
  File "/home/gslee/anaconda3/lib/python3.10/site-packages/nbclient/client.py", line 862, in _check_raise_for_error
    raise CellExecutionError.from_cell_and_msg(cell, exec_reply_content)
nbclient.exceptions.CellExecutionError: An error occurred while executing the following cell:
------------------
from datetime import datetime

fig = plt.figure()
ax = fig.add_subplot(1, 1, 1)

spx.plot(ax=ax, style='k-')

for date, label in crisis_data:
    ax.annotate(label, 
                xy=(date, spx.asof(date) + 75),
                xytext=(date, spx.asof(date) + 225),
                arrowprops=dict(facecolor='red', headwidth=4, width=2,
                                headlength=4),
                horizontalalignment='left', verticalalignment='top')

# 2007-2010 사이로 확대
ax.set_xlim(['1/1/2007', '1/1/2011'])
ax.set_ylim([600, 1800])

ax.set_title('Important dates in the 2008-2009 financial crisis')
------------------

[0;31m---------------------------------------------------------------------------[0m
[0;31mTypeError[0m                                 Traceback (most recent call last)
File [0;32m~/anaconda3/lib/python3.10/site-packages/matplotlib/axis.py:1736[0m, in [0;36mAxis.convert_units[0;34m(self, x)[0m
[1;32m   1735[0m [38;5;28;01mtry[39;00m:
[0;32m-> 1736[0m     ret [38;5;241m=[39m [38;5;28;43mself[39;49m[38;5;241;43m.[39;49m[43mconverter[49m[38;5;241;43m.[39;49m[43mconvert[49m[43m([49m[43mx[49m[43m,[49m[43m [49m[38;5;28;43mself[39;49m[38;5;241;43m.[39;49m[43munits[49m[43m,[49m[43m [49m[38;5;28;43mself[39;49m[43m)[49m
[1;32m   1737[0m [38;5;28;01mexcept[39;00m [38;5;167;01mException[39;00m [38;5;28;01mas[39;00m e:

File [0;32m~/anaconda3/lib/python3.10/site-packages/matplotlib/category.py:57[0m, in [0;36mStrCategoryConverter.convert[0;34m(value, unit, axis)[0m
[1;32m     56[0m [38;5;66;03m# force an update so it also does type checking[39;00m
[0;32m---> 57[0m [43munit[49m[38;5;241;43m.[39;49m[43mupdate[49m[43m([49m[43mvalues[49m[43m)[49m
[1;32m     58[0m [38;5;28;01mreturn[39;00m np[38;5;241m.[39mvectorize(unit[38;5;241m.[39m_mapping[38;5;241m.[39m[38;5;21m__getitem__[39m, otypes[38;5;241m=[39m[[38;5;28mfloat[39m])(values)

File [0;32m~/anaconda3/lib/python3.10/site-packages/matplotlib/category.py:216[0m, in [0;36mUnitData.update[0;34m(self, data)[0m
[1;32m    214[0m [38;5;28;01mfor[39;00m val [38;5;129;01min[39;00m OrderedDict[38;5;241m.[39mfromkeys(data):
[1;32m    215[0m     [38;5;66;03m# OrderedDict just iterates over unique values in data.[39;00m
[0;32m--> 216[0m     [43m_api[49m[38;5;241;43m.[39;49m[43mcheck_isinstance[49m[43m([49m[43m([49m[38;5;28;43mstr[39;49m[43m,[49m[43m [49m[38;5;28;43mbytes[39;49m[43m)[49m[43m,[49m[43m [49m[43mvalue[49m[38;5;241;43m=[39;49m[43mval[49m[43m)[49m
[1;32m    217[0m     [38;5;28;01mif[39;00m convertible:
[1;32m    218[0m         [38;5;66;03m# this will only be called so long as convertible is True.[39;00m

File [0;32m~/anaconda3/lib/python3.10/site-packages/matplotlib/_api/__init__.py:93[0m, in [0;36mcheck_isinstance[0;34m(_types, **kwargs)[0m
[1;32m     92[0m     names[38;5;241m.[39mappend([38;5;124m"[39m[38;5;124mNone[39m[38;5;124m"[39m)
[0;32m---> 93[0m [38;5;28;01mraise[39;00m [38;5;167;01mTypeError[39;00m(
[1;32m     94[0m     [38;5;124m"[39m[38;5;132;01m{!r}[39;00m[38;5;124m must be an instance of [39m[38;5;132;01m{}[39;00m[38;5;124m, not a [39m[38;5;132;01m{}[39;00m[38;5;124m"[39m[38;5;241m.[39mformat(
[1;32m     95[0m         k,
[1;32m     96[0m         [38;5;124m"[39m[38;5;124m, [39m[38;5;124m"[39m[38;5;241m.[39mjoin(names[:[38;5;241m-[39m[38;5;241m1[39m]) [38;5;241m+[39m [38;5;124m"[39m[38;5;124m or [39m[38;5;124m"[39m [38;5;241m+[39m names[[38;5;241m-[39m[38;5;241m1[39m]
[1;32m     97[0m         [38;5;28;01mif[39;00m [38;5;28mlen[39m(names) [38;5;241m>[39m [38;5;241m1[39m [38;5;28;01melse[39;00m names[[38;5;241m0[39m],
[1;32m     98[0m         type_name([38;5;28mtype[39m(v))))

[0;31mTypeError[0m: 'value' must be an instance of str or bytes, not a datetime.datetime

The above exception was the direct cause of the following exception:

[0;31mConversionError[0m                           Traceback (most recent call last)
File [0;32m~/anaconda3/lib/python3.10/site-packages/IPython/core/formatters.py:338[0m, in [0;36mBaseFormatter.__call__[0;34m(self, obj)[0m
[1;32m    336[0m     [38;5;28;01mpass[39;00m
[1;32m    337[0m [38;5;28;01melse[39;00m:
[0;32m--> 338[0m     [38;5;28;01mreturn[39;00m [43mprinter[49m[43m([49m[43mobj[49m[43m)[49m
[1;32m    339[0m [38;5;66;03m# Finally look for special method names[39;00m
[1;32m    340[0m method [38;5;241m=[39m get_real_method(obj, [38;5;28mself[39m[38;5;241m.[39mprint_method)

File [0;32m~/anaconda3/lib/python3.10/site-packages/IPython/core/pylabtools.py:152[0m, in [0;36mprint_figure[0;34m(fig, fmt, bbox_inches, base64, **kwargs)[0m
[1;32m    149[0m     [38;5;28;01mfrom[39;00m [38;5;21;01mmatplotlib[39;00m[38;5;21;01m.[39;00m[38;5;21;01mbackend_bases[39;00m [38;5;28;01mimport[39;00m FigureCanvasBase
[1;32m    150[0m     FigureCanvasBase(fig)
[0;32m--> 152[0m [43mfig[49m[38;5;241;43m.[39;49m[43mcanvas[49m[38;5;241;43m.[39;49m[43mprint_figure[49m[43m([49m[43mbytes_io[49m[43m,[49m[43m [49m[38;5;241;43m*[39;49m[38;5;241;43m*[39;49m[43mkw[49m[43m)[49m
[1;32m    153[0m data [38;5;241m=[39m bytes_io[38;5;241m.[39mgetvalue()
[1;32m    154[0m [38;5;28;01mif[39;00m fmt [38;5;241m==[39m [38;5;124m'[39m[38;5;124msvg[39m[38;5;124m'[39m:

File [0;32m~/anaconda3/lib/python3.10/site-packages/matplotlib/backend_bases.py:2338[0m, in [0;36mFigureCanvasBase.print_figure[0;34m(self, filename, dpi, facecolor, edgecolor, orientation, format, bbox_inches, pad_inches, bbox_extra_artists, backend, **kwargs)[0m
[1;32m   2332[0m     renderer [38;5;241m=[39m _get_renderer(
[1;32m   2333[0m         [38;5;28mself[39m[38;5;241m.[39mfigure,
[1;32m   2334[0m         functools[38;5;241m.[39mpartial(
[1;32m   2335[0m             print_method, orientation[38;5;241m=[39morientation)
[1;32m   2336[0m     )
[1;32m   2337[0m     [38;5;28;01mwith[39;00m [38;5;28mgetattr[39m(renderer, [38;5;124m"[39m[38;5;124m_draw_disabled[39m[38;5;124m"[39m, nullcontext)():
[0;32m-> 2338[0m         [38;5;28;43mself[39;49m[38;5;241;43m.[39;49m[43mfigure[49m[38;5;241;43m.[39;49m[43mdraw[49m[43m([49m[43mrenderer[49m[43m)[49m
[1;32m   2340[0m [38;5;28;01mif[39;00m bbox_inches:
[1;32m   2341[0m     [38;5;28;01mif[39;00m bbox_inches [38;5;241m==[39m [38;5;124m"[39m[38;5;124mtight[39m[38;5;124m"[39m:

File [0;32m~/anaconda3/lib/python3.10/site-packages/matplotlib/artist.py:95[0m, in [0;36m_finalize_rasterization.<locals>.draw_wrapper[0;34m(artist, renderer, *args, **kwargs)[0m
[1;32m     93[0m [38;5;129m@wraps[39m(draw)
[1;32m     94[0m [38;5;28;01mdef[39;00m [38;5;21mdraw_wrapper[39m(artist, renderer, [38;5;241m*[39margs, [38;5;241m*[39m[38;5;241m*[39mkwargs):
[0;32m---> 95[0m     result [38;5;241m=[39m [43mdraw[49m[43m([49m[43martist[49m[43m,[49m[43m [49m[43mrenderer[49m[43m,[49m[43m [49m[38;5;241;43m*[39;49m[43margs[49m[43m,[49m[43m [49m[38;5;241;43m*[39;49m[38;5;241;43m*[39;49m[43mkwargs[49m[43m)[49m
[1;32m     96[0m     [38;5;28;01mif[39;00m renderer[38;5;241m.[39m_rasterizing:
[1;32m     97[0m         renderer[38;5;241m.[39mstop_rasterizing()

File [0;32m~/anaconda3/lib/python3.10/site-packages/matplotlib/artist.py:72[0m, in [0;36mallow_rasterization.<locals>.draw_wrapper[0;34m(artist, renderer)[0m
[1;32m     69[0m     [38;5;28;01mif[39;00m artist[38;5;241m.[39mget_agg_filter() [38;5;129;01mis[39;00m [38;5;129;01mnot[39;00m [38;5;28;01mNone[39;00m:
[1;32m     70[0m         renderer[38;5;241m.[39mstart_filter()
[0;32m---> 72[0m     [38;5;28;01mreturn[39;00m [43mdraw[49m[43m([49m[43martist[49m[43m,[49m[43m [49m[43mrenderer[49m[43m)[49m
[1;32m     73[0m [38;5;28;01mfinally[39;00m:
[1;32m     74[0m     [38;5;28;01mif[39;00m artist[38;5;241m.[39mget_agg_filter() [38;5;129;01mis[39;00m [38;5;129;01mnot[39;00m [38;5;28;01mNone[39;00m:

File [0;32m~/anaconda3/lib/python3.10/site-packages/matplotlib/figure.py:3125[0m, in [0;36mFigure.draw[0;34m(self, renderer)[0m
[1;32m   3122[0m         [38;5;66;03m# ValueError can occur when resizing a window.[39;00m
[1;32m   3124[0m [38;5;28mself[39m[38;5;241m.[39mpatch[38;5;241m.[39mdraw(renderer)
[0;32m-> 3125[0m [43mmimage[49m[38;5;241;43m.[39;49m[43m_draw_list_compositing_images[49m[43m([49m
[1;32m   3126[0m [43m    [49m[43mrenderer[49m[43m,[49m[43m [49m[38;5;28;43mself[39;49m[43m,[49m[43m [49m[43martists[49m[43m,[49m[43m [49m[38;5;28;43mself[39;49m[38;5;241;43m.[39;49m[43msuppressComposite[49m[43m)[49m
[1;32m   3128[0m [38;5;28;01mfor[39;00m sfig [38;5;129;01min[39;00m [38;5;28mself[39m[38;5;241m.[39msubfigs:
[1;32m   3129[0m     sfig[38;5;241m.[39mdraw(renderer)

File [0;32m~/anaconda3/lib/python3.10/site-packages/matplotlib/image.py:131[0m, in [0;36m_draw_list_compositing_images[0;34m(renderer, parent, artists, suppress_composite)[0m
[1;32m    129[0m [38;5;28;01mif[39;00m not_composite [38;5;129;01mor[39;00m [38;5;129;01mnot[39;00m has_images:
[1;32m    130[0m     [38;5;28;01mfor[39;00m a [38;5;129;01min[39;00m artists:
[0;32m--> 131[0m         [43ma[49m[38;5;241;43m.[39;49m[43mdraw[49m[43m([49m[43mrenderer[49m[43m)[49m
[1;32m    132[0m [38;5;28;01melse[39;00m:
[1;32m    133[0m     [38;5;66;03m# Composite any adjacent images together[39;00m
[1;32m    134[0m     image_group [38;5;241m=[39m []

File [0;32m~/anaconda3/lib/python3.10/site-packages/matplotlib/artist.py:72[0m, in [0;36mallow_rasterization.<locals>.draw_wrapper[0;34m(artist, renderer)[0m
[1;32m     69[0m     [38;5;28;01mif[39;00m artist[38;5;241m.[39mget_agg_filter() [38;5;129;01mis[39;00m [38;5;129;01mnot[39;00m [38;5;28;01mNone[39;00m:
[1;32m     70[0m         renderer[38;5;241m.[39mstart_filter()
[0;32m---> 72[0m     [38;5;28;01mreturn[39;00m [43mdraw[49m[43m([49m[43martist[49m[43m,[49m[43m [49m[43mrenderer[49m[43m)[49m
[1;32m     73[0m [38;5;28;01mfinally[39;00m:
[1;32m     74[0m     [38;5;28;01mif[39;00m artist[38;5;241m.[39mget_agg_filter() [38;5;129;01mis[39;00m [38;5;129;01mnot[39;00m [38;5;28;01mNone[39;00m:

File [0;32m~/anaconda3/lib/python3.10/site-packages/matplotlib/axes/_base.py:3066[0m, in [0;36m_AxesBase.draw[0;34m(self, renderer)[0m
[1;32m   3063[0m [38;5;28;01mif[39;00m artists_rasterized:
[1;32m   3064[0m     _draw_rasterized([38;5;28mself[39m[38;5;241m.[39mfigure, artists_rasterized, renderer)
[0;32m-> 3066[0m [43mmimage[49m[38;5;241;43m.[39;49m[43m_draw_list_compositing_images[49m[43m([49m
[1;32m   3067[0m [43m    [49m[43mrenderer[49m[43m,[49m[43m [49m[38;5;28;43mself[39;49m[43m,[49m[43m [49m[43martists[49m[43m,[49m[43m [49m[38;5;28;43mself[39;49m[38;5;241;43m.[39;49m[43mfigure[49m[38;5;241;43m.[39;49m[43msuppressComposite[49m[43m)[49m
[1;32m   3069[0m renderer[38;5;241m.[39mclose_group([38;5;124m'[39m[38;5;124maxes[39m[38;5;124m'[39m)
[1;32m   3070[0m [38;5;28mself[39m[38;5;241m.[39mstale [38;5;241m=[39m [38;5;28;01mFalse[39;00m

File [0;32m~/anaconda3/lib/python3.10/site-packages/matplotlib/image.py:131[0m, in [0;36m_draw_list_compositing_images[0;34m(renderer, parent, artists, suppress_composite)[0m
[1;32m    129[0m [38;5;28;01mif[39;00m not_composite [38;5;129;01mor[39;00m [38;5;129;01mnot[39;00m has_images:
[1;32m    130[0m     [38;5;28;01mfor[39;00m a [38;5;129;01min[39;00m artists:
[0;32m--> 131[0m         [43ma[49m[38;5;241;43m.[39;49m[43mdraw[49m[43m([49m[43mrenderer[49m[43m)[49m
[1;32m    132[0m [38;5;28;01melse[39;00m:
[1;32m    133[0m     [38;5;66;03m# Composite any adjacent images together[39;00m
[1;32m    134[0m     image_group [38;5;241m=[39m []

File [0;32m~/anaconda3/lib/python3.10/site-packages/matplotlib/artist.py:72[0m, in [0;36mallow_rasterization.<locals>.draw_wrapper[0;34m(artist, renderer)[0m
[1;32m     69[0m     [38;5;28;01mif[39;00m artist[38;5;241m.[39mget_agg_filter() [38;5;129;01mis[39;00m [38;5;129;01mnot[39;00m [38;5;28;01mNone[39;00m:
[1;32m     70[0m         renderer[38;5;241m.[39mstart_filter()
[0;32m---> 72[0m     [38;5;28;01mreturn[39;00m [43mdraw[49m[43m([49m[43martist[49m[43m,[49m[43m [49m[43mrenderer[49m[43m)[49m
[1;32m     73[0m [38;5;28;01mfinally[39;00m:
[1;32m     74[0m     [38;5;28;01mif[39;00m artist[38;5;241m.[39mget_agg_filter() [38;5;129;01mis[39;00m [38;5;129;01mnot[39;00m [38;5;28;01mNone[39;00m:

File [0;32m~/anaconda3/lib/python3.10/site-packages/matplotlib/text.py:2020[0m, in [0;36mAnnotation.draw[0;34m(self, renderer)[0m
[1;32m   2018[0m [38;5;28;01mif[39;00m renderer [38;5;129;01mis[39;00m [38;5;129;01mnot[39;00m [38;5;28;01mNone[39;00m:
[1;32m   2019[0m     [38;5;28mself[39m[38;5;241m.[39m_renderer [38;5;241m=[39m renderer
[0;32m-> 2020[0m [38;5;28;01mif[39;00m [38;5;129;01mnot[39;00m [38;5;28mself[39m[38;5;241m.[39mget_visible() [38;5;129;01mor[39;00m [38;5;129;01mnot[39;00m [38;5;28;43mself[39;49m[38;5;241;43m.[39;49m[43m_check_xy[49m[43m([49m[43mrenderer[49m[43m)[49m:
[1;32m   2021[0m     [38;5;28;01mreturn[39;00m
[1;32m   2022[0m [38;5;66;03m# Update text positions before `Text.draw` would, so that the[39;00m
[1;32m   2023[0m [38;5;66;03m# FancyArrowPatch is correctly positioned.[39;00m

File [0;32m~/anaconda3/lib/python3.10/site-packages/matplotlib/text.py:1616[0m, in [0;36m_AnnotationBase._check_xy[0;34m(self, renderer)[0m
[1;32m   1613[0m b [38;5;241m=[39m [38;5;28mself[39m[38;5;241m.[39mget_annotation_clip()
[1;32m   1614[0m [38;5;28;01mif[39;00m b [38;5;129;01mor[39;00m (b [38;5;129;01mis[39;00m [38;5;28;01mNone[39;00m [38;5;129;01mand[39;00m [38;5;28mself[39m[38;5;241m.[39mxycoords [38;5;241m==[39m [38;5;124m"[39m[38;5;124mdata[39m[38;5;124m"[39m):
[1;32m   1615[0m     [38;5;66;03m# check if self.xy is inside the axes.[39;00m
[0;32m-> 1616[0m     xy_pixel [38;5;241m=[39m [38;5;28;43mself[39;49m[38;5;241;43m.[39;49m[43m_get_position_xy[49m[43m([49m[43mrenderer[49m[43m)[49m
[1;32m   1617[0m     [38;5;28;01mreturn[39;00m [38;5;28mself[39m[38;5;241m.[39maxes[38;5;241m.[39mcontains_point(xy_pixel)
[1;32m   1618[0m [38;5;28;01mreturn[39;00m [38;5;28;01mTrue[39;00m

File [0;32m~/anaconda3/lib/python3.10/site-packages/matplotlib/text.py:1607[0m, in [0;36m_AnnotationBase._get_position_xy[0;34m(self, renderer)[0m
[1;32m   1605[0m [38;5;124;03m"""Return the pixel position of the annotated point."""[39;00m
[1;32m   1606[0m x, y [38;5;241m=[39m [38;5;28mself[39m[38;5;241m.[39mxy
[0;32m-> 1607[0m [38;5;28;01mreturn[39;00m [38;5;28;43mself[39;49m[38;5;241;43m.[39;49m[43m_get_xy[49m[43m([49m[43mrenderer[49m[43m,[49m[43m [49m[43mx[49m[43m,[49m[43m [49m[43my[49m[43m,[49m[43m [49m[38;5;28;43mself[39;49m[38;5;241;43m.[39;49m[43mxycoords[49m[43m)[49m

File [0;32m~/anaconda3/lib/python3.10/site-packages/matplotlib/text.py:1475[0m, in [0;36m_AnnotationBase._get_xy[0;34m(self, renderer, x, y, s)[0m
[1;32m   1473[0m     s1, s2 [38;5;241m=[39m s, s
[1;32m   1474[0m [38;5;28;01mif[39;00m s1 [38;5;241m==[39m [38;5;124m'[39m[38;5;124mdata[39m[38;5;124m'[39m:
[0;32m-> 1475[0m     x [38;5;241m=[39m [38;5;28mfloat[39m([38;5;28;43mself[39;49m[38;5;241;43m.[39;49m[43mconvert_xunits[49m[43m([49m[43mx[49m[43m)[49m)
[1;32m   1476[0m [38;5;28;01mif[39;00m s2 [38;5;241m==[39m [38;5;124m'[39m[38;5;124mdata[39m[38;5;124m'[39m:
[1;32m   1477[0m     y [38;5;241m=[39m [38;5;28mfloat[39m([38;5;28mself[39m[38;5;241m.[39mconvert_yunits(y))

File [0;32m~/anaconda3/lib/python3.10/site-packages/matplotlib/artist.py:281[0m, in [0;36mArtist.convert_xunits[0;34m(self, x)[0m
[1;32m    279[0m [38;5;28;01mif[39;00m ax [38;5;129;01mis[39;00m [38;5;28;01mNone[39;00m [38;5;129;01mor[39;00m ax[38;5;241m.[39mxaxis [38;5;129;01mis[39;00m [38;5;28;01mNone[39;00m:
[1;32m    280[0m     [38;5;28;01mreturn[39;00m x
[0;32m--> 281[0m [38;5;28;01mreturn[39;00m [43max[49m[38;5;241;43m.[39;49m[43mxaxis[49m[38;5;241;43m.[39;49m[43mconvert_units[49m[43m([49m[43mx[49m[43m)[49m

File [0;32m~/anaconda3/lib/python3.10/site-packages/matplotlib/axis.py:1738[0m, in [0;36mAxis.convert_units[0;34m(self, x)[0m
[1;32m   1736[0m     ret [38;5;241m=[39m [38;5;28mself[39m[38;5;241m.[39mconverter[38;5;241m.[39mconvert(x, [38;5;28mself[39m[38;5;241m.[39munits, [38;5;28mself[39m)
[1;32m   1737[0m [38;5;28;01mexcept[39;00m [38;5;167;01mException[39;00m [38;5;28;01mas[39;00m e:
[0;32m-> 1738[0m     [38;5;28;01mraise[39;00m munits[38;5;241m.[39mConversionError([38;5;124m'[39m[38;5;124mFailed to convert value(s) to axis [39m[38;5;124m'[39m
[1;32m   1739[0m                                  [38;5;124mf[39m[38;5;124m'[39m[38;5;124munits: [39m[38;5;132;01m{[39;00mx[38;5;132;01m!r}[39;00m[38;5;124m'[39m) [38;5;28;01mfrom[39;00m [38;5;21;01me[39;00m
[1;32m   1740[0m [38;5;28;01mreturn[39;00m ret

[0;31mConversionError[0m: Failed to convert value(s) to axis units: datetime.datetime(2007, 10, 11, 0, 0)
ConversionError: Failed to convert value(s) to axis units: array([Timestamp('1990-02-01 00:00:00'), Timestamp('1990-02-02 00:00:00'),
       Timestamp('1990-02-05 00:00:00'), ...,
       Timestamp('2011-10-12 00:00:00'), Timestamp('2011-10-13 00:00:00'),
       Timestamp('2011-10-14 00:00:00')], dtype=object)

